<?xml version="1.0" encoding="UTF-8"?>
<!-- Generated by org.testng.reporters.JUnitXMLReporter -->
<testsuite ignored="0" hostname="LAPTOP-65EK15BQ" failures="1" tests="4" name="Firefox" time="19.906" errors="0" timestamp="2021-11-14T10:32:24 EST">
  <testcase classname="comprotrainingtechorg.PracticeOfProTrainingTech.MultipleBrowsersClass" name="f" time="0.098"/>
  <testcase classname="Common.Utilities" name="beforeClass" time="6.954"/>
  <testcase classname="comprotrainingtechorg.PracticeOfProTrainingTech.HomeToVerify" name="f" time="0.054"/>
  <testcase classname="comprotrainingtechorg.PracticeOfProTrainingTech.HomeToVerify" name="f" time="0.057">
    <failure type="java.lang.ClassCastException" message="class comprotrainingtechorg.PracticeOfProTrainingTech.HomeToVerify cannot be cast to class Common.Utilities (comprotrainingtechorg.PracticeOfProTrainingTech.HomeToVerify and Common.Utilities are in unnamed module of loader &amp;apos;app&amp;apos;)">
      <![CDATA[java.lang.ClassCastException: class comprotrainingtechorg.PracticeOfProTrainingTech.HomeToVerify cannot be cast to class Common.Utilities (comprotrainingtechorg.PracticeOfProTrainingTech.HomeToVerify and Common.Utilities are in unnamed module of loader 'app')
at Listner.iListner.onTestSuccess(iListner.java:26)
at java.base/java.util.ArrayList.forEach(ArrayList.java:1541)
at java.base/java.util.concurrent.FutureTask.run(FutureTask.java:264)
at java.base/java.util.concurrent.ThreadPoolExecutor.runWorker(ThreadPoolExecutor.java:1128)
at java.base/java.util.concurrent.ThreadPoolExecutor$Worker.run(ThreadPoolExecutor.java:628)
at java.base/java.lang.Thread.run(Thread.java:834)
... Removed 15 stack frames]]>
    </failure>
  </testcase> <!-- f -->
</testsuite> <!-- Firefox -->
